INFO  [2018-11-08 08:29:29,335] [requestId=NA] onseo.jerseytest.App: Starting App on gs20013-macpro.on.seo with PID 653 (/Users/vsokolovskyi/git_repos/onseo.test.cache/onseo.test/target/classes started by vsokolovskyi in /Users/vsokolovskyi/git_repos/onseo.test.cache/onseo.test)
INFO  [2018-11-08 08:29:29,342] [requestId=NA] onseo.jerseytest.App: No active profile set, falling back to default profiles: default
INFO  [2018-11-08 08:29:29,399] [requestId=NA] org.springframework.boot.web.servlet.context.AnnotationConfigServletWebServerApplicationContext: Refreshing org.springframework.boot.web.servlet.context.AnnotationConfigServletWebServerApplicationContext@1e178745: startup date [Thu Nov 08 10:29:29 EET 2018]; root of context hierarchy
INFO  [2018-11-08 08:29:30,075] [requestId=NA] org.springframework.beans.factory.annotation.AutowiredAnnotationBeanPostProcessor: JSR-330 'javax.inject.Inject' annotation found and supported for autowiring
INFO  [2018-11-08 08:29:30,458] [requestId=NA] org.springframework.boot.web.embedded.tomcat.TomcatWebServer: Tomcat initialized with port(s): 9009 (http)
INFO  [2018-11-08 08:29:30,483] [requestId=NA] org.apache.catalina.core.StandardService: Starting service [Tomcat]
INFO  [2018-11-08 08:29:30,483] [requestId=NA] org.apache.catalina.core.StandardEngine: Starting Servlet Engine: Apache Tomcat/8.5.34
INFO  [2018-11-08 08:29:30,487] [requestId=NA] org.apache.catalina.core.AprLifecycleListener: The APR based Apache Tomcat Native library which allows optimal performance in production environments was not found on the java.library.path: [/Users/vsokolovskyi/Library/Java/Extensions:/Library/Java/Extensions:/Network/Library/Java/Extensions:/System/Library/Java/Extensions:/usr/lib/java:.]
INFO  [2018-11-08 08:29:30,595] [requestId=NA] org.apache.catalina.core.ContainerBase.[Tomcat].[localhost].[/]: Initializing Spring embedded WebApplicationContext
INFO  [2018-11-08 08:29:30,595] [requestId=NA] org.springframework.web.context.ContextLoader: Root WebApplicationContext: initialization completed in 1196 ms
INFO  [2018-11-08 08:29:30,863] [requestId=NA] org.springframework.boot.web.servlet.FilterRegistrationBean: Mapping filter: 'characterEncodingFilter' to: [/*]
INFO  [2018-11-08 08:29:30,863] [requestId=NA] org.springframework.boot.web.servlet.FilterRegistrationBean: Mapping filter: 'requestContextFilter' to: [/*]
INFO  [2018-11-08 08:29:30,863] [requestId=NA] org.springframework.boot.web.servlet.ServletRegistrationBean: Servlet onseo.jerseytest.config.ResourceConfig mapped to [/*]
INFO  [2018-11-08 08:29:31,068] [requestId=NA] org.springframework.jmx.export.annotation.AnnotationMBeanExporter: Registering beans for JMX exposure on startup
INFO  [2018-11-08 08:29:31,124] [requestId=NA] org.springframework.boot.web.embedded.tomcat.TomcatWebServer: Tomcat started on port(s): 9009 (http) with context path ''
INFO  [2018-11-08 08:29:31,129] [requestId=NA] onseo.jerseytest.App: Started App in 2.324 seconds (JVM running for 3.799)
INFO  [2018-11-08 08:30:07,441] [requestId=NA] onseo.jerseytest.infrastructure.dao.PlaceholderClient: Client class has been called for entity onseo.jerseytest.infrastructure.dao.models.ToDoEntity
INFO  [2018-11-08 08:30:07,931] [requestId=NA] onseo.jerseytest.infrastructure.dao.PlaceholderClient: Response from JSON_Placeholder handled successfully
INFO  [2018-11-08 08:30:07,931] [requestId=NA] onseo.jerseytest.infrastructure.dao.PlaceholderClient: Client class has been called for entity onseo.jerseytest.infrastructure.dao.models.CommentEntity
INFO  [2018-11-08 08:30:08,294] [requestId=NA] onseo.jerseytest.infrastructure.dao.PlaceholderClient: Response from JSON_Placeholder handled successfully
INFO  [2018-11-08 08:30:08,295] [requestId=NA] onseo.jerseytest.infrastructure.dao.PlaceholderClient: Client class has been called for entity onseo.jerseytest.infrastructure.dao.models.UserEntity
INFO  [2018-11-08 08:30:08,361] [requestId=NA] onseo.jerseytest.infrastructure.dao.PlaceholderClient: Response from JSON_Placeholder handled successfully
INFO  [2018-11-08 08:30:41,010] [requestId=NA] org.springframework.boot.web.servlet.context.AnnotationConfigServletWebServerApplicationContext: Closing org.springframework.boot.web.servlet.context.AnnotationConfigServletWebServerApplicationContext@1e178745: startup date [Thu Nov 08 10:29:29 EET 2018]; root of context hierarchy
INFO  [2018-11-08 08:30:41,013] [requestId=NA] org.springframework.jmx.export.annotation.AnnotationMBeanExporter: Unregistering JMX-exposed beans on shutdown
INFO  [2018-11-08 09:31:21,620] [requestId=NA] onseo.jerseytest.App: Starting App on gs20013-macpro.on.seo with PID 764 (/Users/vsokolovskyi/git_repos/onseo.test.cache/onseo.test/target/classes started by vsokolovskyi in /Users/vsokolovskyi/git_repos/onseo.test.cache/onseo.test)
INFO  [2018-11-08 09:31:21,624] [requestId=NA] onseo.jerseytest.App: No active profile set, falling back to default profiles: default
INFO  [2018-11-08 09:31:21,663] [requestId=NA] org.springframework.boot.web.servlet.context.AnnotationConfigServletWebServerApplicationContext: Refreshing org.springframework.boot.web.servlet.context.AnnotationConfigServletWebServerApplicationContext@1f59a598: startup date [Thu Nov 08 11:31:21 EET 2018]; root of context hierarchy
INFO  [2018-11-08 09:31:22,316] [requestId=NA] org.springframework.beans.factory.annotation.AutowiredAnnotationBeanPostProcessor: JSR-330 'javax.inject.Inject' annotation found and supported for autowiring
INFO  [2018-11-08 09:31:22,632] [requestId=NA] org.springframework.boot.web.embedded.tomcat.TomcatWebServer: Tomcat initialized with port(s): 9009 (http)
INFO  [2018-11-08 09:31:22,652] [requestId=NA] org.apache.catalina.core.StandardService: Starting service [Tomcat]
INFO  [2018-11-08 09:31:22,652] [requestId=NA] org.apache.catalina.core.StandardEngine: Starting Servlet Engine: Apache Tomcat/8.5.34
INFO  [2018-11-08 09:31:22,656] [requestId=NA] org.apache.catalina.core.AprLifecycleListener: The APR based Apache Tomcat Native library which allows optimal performance in production environments was not found on the java.library.path: [/Users/vsokolovskyi/Library/Java/Extensions:/Library/Java/Extensions:/Network/Library/Java/Extensions:/System/Library/Java/Extensions:/usr/lib/java:.]
INFO  [2018-11-08 09:31:22,749] [requestId=NA] org.apache.catalina.core.ContainerBase.[Tomcat].[localhost].[/]: Initializing Spring embedded WebApplicationContext
INFO  [2018-11-08 09:31:22,750] [requestId=NA] org.springframework.web.context.ContextLoader: Root WebApplicationContext: initialization completed in 1087 ms
INFO  [2018-11-08 09:31:23,006] [requestId=NA] org.springframework.boot.web.servlet.FilterRegistrationBean: Mapping filter: 'characterEncodingFilter' to: [/*]
INFO  [2018-11-08 09:31:23,006] [requestId=NA] org.springframework.boot.web.servlet.FilterRegistrationBean: Mapping filter: 'requestContextFilter' to: [/*]
INFO  [2018-11-08 09:31:23,007] [requestId=NA] org.springframework.boot.web.servlet.ServletRegistrationBean: Servlet onseo.jerseytest.config.ResourceConfig mapped to [/*]
INFO  [2018-11-08 09:31:23,194] [requestId=NA] org.springframework.jmx.export.annotation.AnnotationMBeanExporter: Registering beans for JMX exposure on startup
INFO  [2018-11-08 09:31:23,243] [requestId=NA] org.springframework.boot.web.embedded.tomcat.TomcatWebServer: Tomcat started on port(s): 9009 (http) with context path ''
INFO  [2018-11-08 09:31:23,248] [requestId=NA] onseo.jerseytest.App: Started App in 2.103 seconds (JVM running for 3.002)
INFO  [2018-11-08 09:31:53,984] [requestId=NA] onseo.jerseytest.infrastructure.dao.PlaceholderClient: Client class has been called for entity onseo.jerseytest.infrastructure.dao.models.ToDoEntity
INFO  [2018-11-08 09:31:54,217] [requestId=NA] onseo.jerseytest.infrastructure.dao.PlaceholderClient: Response from JSON_Placeholder handled successfully
INFO  [2018-11-08 09:31:54,217] [requestId=NA] onseo.jerseytest.infrastructure.dao.PlaceholderClient: Client class has been called for entity onseo.jerseytest.infrastructure.dao.models.CommentEntity
INFO  [2018-11-08 09:31:54,283] [requestId=NA] onseo.jerseytest.infrastructure.dao.PlaceholderClient: Response from JSON_Placeholder handled successfully
INFO  [2018-11-08 09:31:54,284] [requestId=NA] onseo.jerseytest.infrastructure.dao.PlaceholderClient: Client class has been called for entity onseo.jerseytest.infrastructure.dao.models.UserEntity
INFO  [2018-11-08 09:31:54,346] [requestId=NA] onseo.jerseytest.infrastructure.dao.PlaceholderClient: Response from JSON_Placeholder handled successfully
INFO  [2018-11-08 09:32:04,587] [requestId=NA] onseo.jerseytest.infrastructure.dao.PlaceholderClient: Client class has been called for entity onseo.jerseytest.infrastructure.dao.models.ToDoEntity
INFO  [2018-11-08 09:32:04,653] [requestId=NA] onseo.jerseytest.infrastructure.dao.PlaceholderClient: Response from JSON_Placeholder handled successfully
INFO  [2018-11-08 09:32:04,654] [requestId=NA] onseo.jerseytest.infrastructure.dao.PlaceholderClient: Client class has been called for entity onseo.jerseytest.infrastructure.dao.models.CommentEntity
INFO  [2018-11-08 09:32:04,688] [requestId=NA] onseo.jerseytest.infrastructure.dao.PlaceholderClient: Response from JSON_Placeholder handled successfully
INFO  [2018-11-08 09:32:04,688] [requestId=NA] onseo.jerseytest.infrastructure.dao.PlaceholderClient: Client class has been called for entity onseo.jerseytest.infrastructure.dao.models.UserEntity
INFO  [2018-11-08 09:32:04,723] [requestId=NA] onseo.jerseytest.infrastructure.dao.PlaceholderClient: Response from JSON_Placeholder handled successfully
INFO  [2018-11-08 09:32:07,616] [requestId=NA] onseo.jerseytest.infrastructure.dao.PlaceholderClient: Client class has been called for entity onseo.jerseytest.infrastructure.dao.models.ToDoEntity
INFO  [2018-11-08 09:32:07,649] [requestId=NA] onseo.jerseytest.infrastructure.dao.PlaceholderClient: Response from JSON_Placeholder handled successfully
INFO  [2018-11-08 09:32:07,649] [requestId=NA] onseo.jerseytest.infrastructure.dao.PlaceholderClient: Client class has been called for entity onseo.jerseytest.infrastructure.dao.models.CommentEntity
INFO  [2018-11-08 09:32:07,682] [requestId=NA] onseo.jerseytest.infrastructure.dao.PlaceholderClient: Response from JSON_Placeholder handled successfully
INFO  [2018-11-08 09:32:07,682] [requestId=NA] onseo.jerseytest.infrastructure.dao.PlaceholderClient: Client class has been called for entity onseo.jerseytest.infrastructure.dao.models.UserEntity
INFO  [2018-11-08 09:32:07,724] [requestId=NA] onseo.jerseytest.infrastructure.dao.PlaceholderClient: Response from JSON_Placeholder handled successfully
INFO  [2018-11-08 09:32:14,657] [requestId=NA] onseo.jerseytest.infrastructure.dao.PlaceholderClient: Client class has been called for entity onseo.jerseytest.infrastructure.dao.models.ToDoEntity
INFO  [2018-11-08 09:32:14,724] [requestId=NA] onseo.jerseytest.infrastructure.dao.PlaceholderClient: Response from JSON_Placeholder handled successfully
INFO  [2018-11-08 09:32:14,724] [requestId=NA] onseo.jerseytest.infrastructure.dao.PlaceholderClient: Client class has been called for entity onseo.jerseytest.infrastructure.dao.models.CommentEntity
INFO  [2018-11-08 09:32:14,758] [requestId=NA] onseo.jerseytest.infrastructure.dao.PlaceholderClient: Response from JSON_Placeholder handled successfully
INFO  [2018-11-08 09:32:14,758] [requestId=NA] onseo.jerseytest.infrastructure.dao.PlaceholderClient: Client class has been called for entity onseo.jerseytest.infrastructure.dao.models.UserEntity
INFO  [2018-11-08 09:32:14,796] [requestId=NA] onseo.jerseytest.infrastructure.dao.PlaceholderClient: Response from JSON_Placeholder handled successfully
INFO  [2018-11-08 09:32:17,135] [requestId=NA] org.springframework.boot.web.servlet.context.AnnotationConfigServletWebServerApplicationContext: Closing org.springframework.boot.web.servlet.context.AnnotationConfigServletWebServerApplicationContext@1f59a598: startup date [Thu Nov 08 11:31:21 EET 2018]; root of context hierarchy
INFO  [2018-11-08 09:32:17,138] [requestId=NA] org.springframework.jmx.export.annotation.AnnotationMBeanExporter: Unregistering JMX-exposed beans on shutdown
INFO  [2018-11-08 09:41:06,175] [requestId=NA] onseo.jerseytest.App: Starting App on gs20013-macpro.on.seo with PID 774 (/Users/vsokolovskyi/git_repos/onseo.test.cache/onseo.test/target/classes started by vsokolovskyi in /Users/vsokolovskyi/git_repos/onseo.test.cache/onseo.test)
INFO  [2018-11-08 09:41:06,178] [requestId=NA] onseo.jerseytest.App: No active profile set, falling back to default profiles: default
INFO  [2018-11-08 09:41:06,215] [requestId=NA] org.springframework.boot.web.servlet.context.AnnotationConfigServletWebServerApplicationContext: Refreshing org.springframework.boot.web.servlet.context.AnnotationConfigServletWebServerApplicationContext@1f59a598: startup date [Thu Nov 08 11:41:06 EET 2018]; root of context hierarchy
INFO  [2018-11-08 09:41:06,833] [requestId=NA] org.springframework.beans.factory.annotation.AutowiredAnnotationBeanPostProcessor: JSR-330 'javax.inject.Inject' annotation found and supported for autowiring
INFO  [2018-11-08 09:41:07,137] [requestId=NA] org.springframework.boot.web.embedded.tomcat.TomcatWebServer: Tomcat initialized with port(s): 9009 (http)
INFO  [2018-11-08 09:41:07,157] [requestId=NA] org.apache.catalina.core.StandardService: Starting service [Tomcat]
INFO  [2018-11-08 09:41:07,157] [requestId=NA] org.apache.catalina.core.StandardEngine: Starting Servlet Engine: Apache Tomcat/8.5.34
INFO  [2018-11-08 09:41:07,161] [requestId=NA] org.apache.catalina.core.AprLifecycleListener: The APR based Apache Tomcat Native library which allows optimal performance in production environments was not found on the java.library.path: [/Users/vsokolovskyi/Library/Java/Extensions:/Library/Java/Extensions:/Network/Library/Java/Extensions:/System/Library/Java/Extensions:/usr/lib/java:.]
INFO  [2018-11-08 09:41:07,253] [requestId=NA] org.apache.catalina.core.ContainerBase.[Tomcat].[localhost].[/]: Initializing Spring embedded WebApplicationContext
INFO  [2018-11-08 09:41:07,253] [requestId=NA] org.springframework.web.context.ContextLoader: Root WebApplicationContext: initialization completed in 1038 ms
INFO  [2018-11-08 09:41:07,509] [requestId=NA] org.springframework.boot.web.servlet.FilterRegistrationBean: Mapping filter: 'characterEncodingFilter' to: [/*]
INFO  [2018-11-08 09:41:07,510] [requestId=NA] org.springframework.boot.web.servlet.FilterRegistrationBean: Mapping filter: 'requestContextFilter' to: [/*]
INFO  [2018-11-08 09:41:07,510] [requestId=NA] org.springframework.boot.web.servlet.ServletRegistrationBean: Servlet onseo.jerseytest.config.ResourceConfig mapped to [/*]
INFO  [2018-11-08 09:41:07,690] [requestId=NA] org.springframework.jmx.export.annotation.AnnotationMBeanExporter: Registering beans for JMX exposure on startup
INFO  [2018-11-08 09:41:07,740] [requestId=NA] org.springframework.boot.web.embedded.tomcat.TomcatWebServer: Tomcat started on port(s): 9009 (http) with context path ''
INFO  [2018-11-08 09:41:07,744] [requestId=NA] onseo.jerseytest.App: Started App in 2.001 seconds (JVM running for 2.742)
INFO  [2018-11-08 09:41:12,657] [requestId=NA] onseo.jerseytest.infrastructure.dao.PlaceholderClient: Client class has been called for entity onseo.jerseytest.infrastructure.dao.models.ToDoEntity
INFO  [2018-11-08 09:41:12,657] [requestId=NA] onseo.jerseytest.infrastructure.dao.PlaceholderClient: Client class has been called for entity onseo.jerseytest.infrastructure.dao.models.CommentEntity
INFO  [2018-11-08 09:41:12,658] [requestId=NA] onseo.jerseytest.infrastructure.dao.PlaceholderClient: Client class has been called for entity onseo.jerseytest.infrastructure.dao.models.UserEntity
INFO  [2018-11-08 09:41:13,151] [requestId=NA] onseo.jerseytest.infrastructure.dao.PlaceholderClient: Response from JSON_Placeholder handled successfully
INFO  [2018-11-08 09:41:13,212] [requestId=NA] onseo.jerseytest.infrastructure.dao.PlaceholderClient: Response from JSON_Placeholder handled successfully
INFO  [2018-11-08 09:41:13,212] [requestId=NA] onseo.jerseytest.infrastructure.dao.PlaceholderClient: Response from JSON_Placeholder handled successfully
INFO  [2018-11-08 09:41:13,212] [requestId=NA] onseo.jerseytest.services.SummaryService: Async callback starts processing request from ToDo client...
INFO  [2018-11-08 09:41:13,212] [requestId=NA] onseo.jerseytest.services.SummaryService: Async callback starts processing request from Comment client...
INFO  [2018-11-08 09:41:13,212] [requestId=NA] onseo.jerseytest.services.SummaryService: Async callback starts processing request from User client...
INFO  [2018-11-08 09:41:31,008] [requestId=NA] org.springframework.boot.web.servlet.context.AnnotationConfigServletWebServerApplicationContext: Closing org.springframework.boot.web.servlet.context.AnnotationConfigServletWebServerApplicationContext@1f59a598: startup date [Thu Nov 08 11:41:06 EET 2018]; root of context hierarchy
INFO  [2018-11-08 09:41:31,011] [requestId=NA] org.springframework.jmx.export.annotation.AnnotationMBeanExporter: Unregistering JMX-exposed beans on shutdown
INFO  [2018-11-08 09:41:46,783] [requestId=NA] onseo.jerseytest.App: Starting App on gs20013-macpro.on.seo with PID 779 (/Users/vsokolovskyi/git_repos/onseo.test.cache/onseo.test/target/classes started by vsokolovskyi in /Users/vsokolovskyi/git_repos/onseo.test.cache/onseo.test)
INFO  [2018-11-08 09:41:46,787] [requestId=NA] onseo.jerseytest.App: No active profile set, falling back to default profiles: default
INFO  [2018-11-08 09:41:46,830] [requestId=NA] org.springframework.boot.web.servlet.context.AnnotationConfigServletWebServerApplicationContext: Refreshing org.springframework.boot.web.servlet.context.AnnotationConfigServletWebServerApplicationContext@1f59a598: startup date [Thu Nov 08 11:41:46 EET 2018]; root of context hierarchy
INFO  [2018-11-08 09:41:47,583] [requestId=NA] org.springframework.beans.factory.annotation.AutowiredAnnotationBeanPostProcessor: JSR-330 'javax.inject.Inject' annotation found and supported for autowiring
INFO  [2018-11-08 09:41:47,915] [requestId=NA] org.springframework.boot.web.embedded.tomcat.TomcatWebServer: Tomcat initialized with port(s): 9009 (http)
INFO  [2018-11-08 09:41:47,937] [requestId=NA] org.apache.catalina.core.StandardService: Starting service [Tomcat]
INFO  [2018-11-08 09:41:47,938] [requestId=NA] org.apache.catalina.core.StandardEngine: Starting Servlet Engine: Apache Tomcat/8.5.34
INFO  [2018-11-08 09:41:47,943] [requestId=NA] org.apache.catalina.core.AprLifecycleListener: The APR based Apache Tomcat Native library which allows optimal performance in production environments was not found on the java.library.path: [/Users/vsokolovskyi/Library/Java/Extensions:/Library/Java/Extensions:/Network/Library/Java/Extensions:/System/Library/Java/Extensions:/usr/lib/java:.]
INFO  [2018-11-08 09:41:48,047] [requestId=NA] org.apache.catalina.core.ContainerBase.[Tomcat].[localhost].[/]: Initializing Spring embedded WebApplicationContext
INFO  [2018-11-08 09:41:48,047] [requestId=NA] org.springframework.web.context.ContextLoader: Root WebApplicationContext: initialization completed in 1217 ms
INFO  [2018-11-08 09:41:48,327] [requestId=NA] org.springframework.boot.web.servlet.FilterRegistrationBean: Mapping filter: 'characterEncodingFilter' to: [/*]
INFO  [2018-11-08 09:41:48,328] [requestId=NA] org.springframework.boot.web.servlet.FilterRegistrationBean: Mapping filter: 'requestContextFilter' to: [/*]
INFO  [2018-11-08 09:41:48,328] [requestId=NA] org.springframework.boot.web.servlet.ServletRegistrationBean: Servlet onseo.jerseytest.config.ResourceConfig mapped to [/*]
INFO  [2018-11-08 09:41:48,511] [requestId=NA] org.springframework.jmx.export.annotation.AnnotationMBeanExporter: Registering beans for JMX exposure on startup
INFO  [2018-11-08 09:41:48,566] [requestId=NA] org.springframework.boot.web.embedded.tomcat.TomcatWebServer: Tomcat started on port(s): 9009 (http) with context path ''
INFO  [2018-11-08 09:41:48,573] [requestId=NA] onseo.jerseytest.App: Started App in 2.23 seconds (JVM running for 2.982)
INFO  [2018-11-08 09:41:52,619] [requestId=NA] onseo.jerseytest.infrastructure.dao.PlaceholderClient: Client class has been called for entity onseo.jerseytest.infrastructure.dao.models.ToDoEntity
INFO  [2018-11-08 09:41:52,619] [requestId=NA] onseo.jerseytest.infrastructure.dao.PlaceholderClient: Client class has been called for entity onseo.jerseytest.infrastructure.dao.models.CommentEntity
INFO  [2018-11-08 09:41:52,619] [requestId=NA] onseo.jerseytest.infrastructure.dao.PlaceholderClient: Client class has been called for entity onseo.jerseytest.infrastructure.dao.models.UserEntity
INFO  [2018-11-08 09:41:52,833] [requestId=NA] onseo.jerseytest.infrastructure.dao.PlaceholderClient: Response from JSON_Placeholder handled successfully
INFO  [2018-11-08 09:41:52,833] [requestId=NA] onseo.jerseytest.infrastructure.dao.PlaceholderClient: Response from JSON_Placeholder handled successfully
INFO  [2018-11-08 09:41:52,833] [requestId=NA] onseo.jerseytest.infrastructure.dao.PlaceholderClient: Response from JSON_Placeholder handled successfully
INFO  [2018-11-08 09:41:52,834] [requestId=NA] onseo.jerseytest.services.SummaryService: Async callback starts processing request from ToDo client...
INFO  [2018-11-08 09:41:52,834] [requestId=NA] onseo.jerseytest.services.SummaryService: Async callback starts processing request from Comment client...
INFO  [2018-11-08 09:41:52,834] [requestId=NA] onseo.jerseytest.services.SummaryService: Async callback starts processing request from User client...
INFO  [2018-11-08 10:09:46,542] [requestId=NA] org.springframework.boot.web.servlet.context.AnnotationConfigServletWebServerApplicationContext: Closing org.springframework.boot.web.servlet.context.AnnotationConfigServletWebServerApplicationContext@1f59a598: startup date [Thu Nov 08 11:41:46 EET 2018]; root of context hierarchy
INFO  [2018-11-08 10:09:46,545] [requestId=NA] org.springframework.jmx.export.annotation.AnnotationMBeanExporter: Unregistering JMX-exposed beans on shutdown
INFO  [2018-11-08 10:09:49,949] [requestId=NA] onseo.jerseytest.App: Starting App on gs20013-macpro.on.seo with PID 791 (/Users/vsokolovskyi/git_repos/onseo.test.cache/onseo.test/target/classes started by vsokolovskyi in /Users/vsokolovskyi/git_repos/onseo.test.cache/onseo.test)
INFO  [2018-11-08 10:09:49,952] [requestId=NA] onseo.jerseytest.App: No active profile set, falling back to default profiles: default
INFO  [2018-11-08 10:09:49,990] [requestId=NA] org.springframework.boot.web.servlet.context.AnnotationConfigServletWebServerApplicationContext: Refreshing org.springframework.boot.web.servlet.context.AnnotationConfigServletWebServerApplicationContext@1f59a598: startup date [Thu Nov 08 12:09:49 EET 2018]; root of context hierarchy
INFO  [2018-11-08 10:09:50,609] [requestId=NA] org.springframework.beans.factory.annotation.AutowiredAnnotationBeanPostProcessor: JSR-330 'javax.inject.Inject' annotation found and supported for autowiring
INFO  [2018-11-08 10:09:50,918] [requestId=NA] org.springframework.boot.web.embedded.tomcat.TomcatWebServer: Tomcat initialized with port(s): 9009 (http)
INFO  [2018-11-08 10:09:50,938] [requestId=NA] org.apache.catalina.core.StandardService: Starting service [Tomcat]
INFO  [2018-11-08 10:09:50,939] [requestId=NA] org.apache.catalina.core.StandardEngine: Starting Servlet Engine: Apache Tomcat/8.5.34
INFO  [2018-11-08 10:09:50,943] [requestId=NA] org.apache.catalina.core.AprLifecycleListener: The APR based Apache Tomcat Native library which allows optimal performance in production environments was not found on the java.library.path: [/Users/vsokolovskyi/Library/Java/Extensions:/Library/Java/Extensions:/Network/Library/Java/Extensions:/System/Library/Java/Extensions:/usr/lib/java:.]
INFO  [2018-11-08 10:09:51,034] [requestId=NA] org.apache.catalina.core.ContainerBase.[Tomcat].[localhost].[/]: Initializing Spring embedded WebApplicationContext
INFO  [2018-11-08 10:09:51,035] [requestId=NA] org.springframework.web.context.ContextLoader: Root WebApplicationContext: initialization completed in 1045 ms
INFO  [2018-11-08 10:09:51,285] [requestId=NA] org.springframework.boot.web.servlet.FilterRegistrationBean: Mapping filter: 'characterEncodingFilter' to: [/*]
INFO  [2018-11-08 10:09:51,285] [requestId=NA] org.springframework.boot.web.servlet.FilterRegistrationBean: Mapping filter: 'requestContextFilter' to: [/*]
INFO  [2018-11-08 10:09:51,285] [requestId=NA] org.springframework.boot.web.servlet.ServletRegistrationBean: Servlet onseo.jerseytest.config.ResourceConfig mapped to [/*]
INFO  [2018-11-08 10:09:51,465] [requestId=NA] org.springframework.jmx.export.annotation.AnnotationMBeanExporter: Registering beans for JMX exposure on startup
INFO  [2018-11-08 10:09:51,514] [requestId=NA] org.springframework.boot.web.embedded.tomcat.TomcatWebServer: Tomcat started on port(s): 9009 (http) with context path ''
INFO  [2018-11-08 10:09:51,519] [requestId=NA] onseo.jerseytest.App: Started App in 1.997 seconds (JVM running for 2.733)
INFO  [2018-11-08 10:09:56,757] [requestId=NA] onseo.jerseytest.infrastructure.dao.PlaceholderClient: Client class has been called for entity onseo.jerseytest.infrastructure.dao.models.ToDoEntity
INFO  [2018-11-08 10:09:57,022] [requestId=NA] onseo.jerseytest.infrastructure.dao.PlaceholderClient: Response from JSON_Placeholder handled successfully
INFO  [2018-11-08 10:09:57,023] [requestId=NA] onseo.jerseytest.infrastructure.dao.PlaceholderClient: Client class has been called for entity onseo.jerseytest.infrastructure.dao.models.CommentEntity
INFO  [2018-11-08 10:09:57,023] [requestId=NA] onseo.jerseytest.services.SummaryService: Async callback starts processing request from ToDo client...
INFO  [2018-11-08 10:09:57,023] [requestId=NA] onseo.jerseytest.infrastructure.dao.PlaceholderClient: Client class has been called for entity onseo.jerseytest.infrastructure.dao.models.UserEntity
INFO  [2018-11-08 10:09:57,095] [requestId=NA] onseo.jerseytest.infrastructure.dao.PlaceholderClient: Response from JSON_Placeholder handled successfully
INFO  [2018-11-08 10:09:57,096] [requestId=NA] onseo.jerseytest.services.SummaryService: Async callback starts processing request from Comment client...
INFO  [2018-11-08 10:09:57,155] [requestId=NA] onseo.jerseytest.infrastructure.dao.PlaceholderClient: Response from JSON_Placeholder handled successfully
INFO  [2018-11-08 10:09:57,155] [requestId=NA] onseo.jerseytest.services.SummaryService: Async callback starts processing request from User client...
INFO  [2018-11-08 10:10:04,153] [requestId=NA] onseo.jerseytest.infrastructure.dao.PlaceholderClient: Client class has been called for entity onseo.jerseytest.infrastructure.dao.models.ToDoEntity
INFO  [2018-11-08 10:10:04,475] [requestId=NA] onseo.jerseytest.infrastructure.dao.PlaceholderClient: Response from JSON_Placeholder handled successfully
INFO  [2018-11-08 10:10:04,475] [requestId=NA] onseo.jerseytest.services.SummaryService: Async callback starts processing request from ToDo client...
INFO  [2018-11-08 10:10:04,475] [requestId=NA] onseo.jerseytest.infrastructure.dao.PlaceholderClient: Client class has been called for entity onseo.jerseytest.infrastructure.dao.models.UserEntity
INFO  [2018-11-08 10:10:04,475] [requestId=NA] onseo.jerseytest.infrastructure.dao.PlaceholderClient: Client class has been called for entity onseo.jerseytest.infrastructure.dao.models.CommentEntity
INFO  [2018-11-08 10:10:04,509] [requestId=NA] onseo.jerseytest.infrastructure.dao.PlaceholderClient: Response from JSON_Placeholder handled successfully
INFO  [2018-11-08 10:10:04,789] [requestId=NA] onseo.jerseytest.infrastructure.dao.PlaceholderClient: Response from JSON_Placeholder handled successfully
INFO  [2018-11-08 10:10:04,789] [requestId=NA] onseo.jerseytest.services.SummaryService: Async callback starts processing request from Comment client...
INFO  [2018-11-08 10:10:04,789] [requestId=NA] onseo.jerseytest.services.SummaryService: Async callback starts processing request from User client...
INFO  [2018-11-08 10:10:21,692] [requestId=NA] org.springframework.boot.web.servlet.context.AnnotationConfigServletWebServerApplicationContext: Closing org.springframework.boot.web.servlet.context.AnnotationConfigServletWebServerApplicationContext@1f59a598: startup date [Thu Nov 08 12:09:49 EET 2018]; root of context hierarchy
INFO  [2018-11-08 10:10:21,694] [requestId=NA] org.springframework.jmx.export.annotation.AnnotationMBeanExporter: Unregistering JMX-exposed beans on shutdown
INFO  [2018-11-08 12:14:40,300] [requestId=NA] onseo.jerseytest.App: Starting App on gs20013-macpro.on.seo with PID 880 (/Users/vsokolovskyi/git_repos/onseo.test.cache/onseo.test/target/classes started by vsokolovskyi in /Users/vsokolovskyi/git_repos/onseo.test.cache/onseo.test)
INFO  [2018-11-08 12:14:40,304] [requestId=NA] onseo.jerseytest.App: No active profile set, falling back to default profiles: default
INFO  [2018-11-08 12:14:40,346] [requestId=NA] org.springframework.boot.web.servlet.context.AnnotationConfigServletWebServerApplicationContext: Refreshing org.springframework.boot.web.servlet.context.AnnotationConfigServletWebServerApplicationContext@1f59a598: startup date [Thu Nov 08 14:14:40 EET 2018]; root of context hierarchy
INFO  [2018-11-08 12:14:41,037] [requestId=NA] org.springframework.beans.factory.annotation.AutowiredAnnotationBeanPostProcessor: JSR-330 'javax.inject.Inject' annotation found and supported for autowiring
INFO  [2018-11-08 12:14:41,377] [requestId=NA] org.springframework.boot.web.embedded.tomcat.TomcatWebServer: Tomcat initialized with port(s): 9009 (http)
INFO  [2018-11-08 12:14:41,399] [requestId=NA] org.apache.catalina.core.StandardService: Starting service [Tomcat]
INFO  [2018-11-08 12:14:41,400] [requestId=NA] org.apache.catalina.core.StandardEngine: Starting Servlet Engine: Apache Tomcat/8.5.34
INFO  [2018-11-08 12:14:41,404] [requestId=NA] org.apache.catalina.core.AprLifecycleListener: The APR based Apache Tomcat Native library which allows optimal performance in production environments was not found on the java.library.path: [/Users/vsokolovskyi/Library/Java/Extensions:/Library/Java/Extensions:/Network/Library/Java/Extensions:/System/Library/Java/Extensions:/usr/lib/java:.]
INFO  [2018-11-08 12:14:41,504] [requestId=NA] org.apache.catalina.core.ContainerBase.[Tomcat].[localhost].[/]: Initializing Spring embedded WebApplicationContext
INFO  [2018-11-08 12:14:41,504] [requestId=NA] org.springframework.web.context.ContextLoader: Root WebApplicationContext: initialization completed in 1158 ms
INFO  [2018-11-08 12:14:41,774] [requestId=NA] org.springframework.boot.web.servlet.FilterRegistrationBean: Mapping filter: 'characterEncodingFilter' to: [/*]
INFO  [2018-11-08 12:14:41,774] [requestId=NA] org.springframework.boot.web.servlet.FilterRegistrationBean: Mapping filter: 'requestContextFilter' to: [/*]
INFO  [2018-11-08 12:14:41,774] [requestId=NA] org.springframework.boot.web.servlet.ServletRegistrationBean: Servlet onseo.jerseytest.config.ResourceConfig mapped to [/*]
INFO  [2018-11-08 12:14:41,955] [requestId=NA] org.springframework.jmx.export.annotation.AnnotationMBeanExporter: Registering beans for JMX exposure on startup
INFO  [2018-11-08 12:14:42,005] [requestId=NA] org.springframework.boot.web.embedded.tomcat.TomcatWebServer: Tomcat started on port(s): 9009 (http) with context path ''
INFO  [2018-11-08 12:14:42,010] [requestId=NA] onseo.jerseytest.App: Started App in 2.152 seconds (JVM running for 2.92)
INFO  [2018-11-08 12:15:05,732] [requestId=NA] onseo.jerseytest.infrastructure.dao.PlaceholderClient: Client class has been called for entity onseo.jerseytest.infrastructure.dao.models.CommentEntity
INFO  [2018-11-08 12:15:05,732] [requestId=NA] onseo.jerseytest.services.SummaryService: Async callback starts processing request from onseo.jerseytest.infrastructure.dao.models.CommentEntity client...
ERROR [2018-11-08 12:15:05,941] [requestId=NA] onseo.jerseytest.services.SummaryService: javax.ws.rs.ProcessingException: Error reading entity from input stream.
INFO  [2018-11-08 12:15:48,024] [requestId=NA] onseo.jerseytest.infrastructure.dao.PlaceholderClient: Client class has been called for entity onseo.jerseytest.infrastructure.dao.models.CommentEntity
INFO  [2018-11-08 12:15:48,024] [requestId=NA] onseo.jerseytest.services.SummaryService: Async callback starts processing request from onseo.jerseytest.infrastructure.dao.models.CommentEntity client...
ERROR [2018-11-08 12:15:48,093] [requestId=NA] onseo.jerseytest.services.SummaryService: javax.ws.rs.ProcessingException: Error reading entity from input stream.
INFO  [2018-11-08 12:16:04,810] [requestId=NA] onseo.jerseytest.infrastructure.dao.PlaceholderClient: Client class has been called for entity onseo.jerseytest.infrastructure.dao.models.ToDoEntity
INFO  [2018-11-08 12:16:04,810] [requestId=NA] onseo.jerseytest.services.SummaryService: Async callback starts processing request from onseo.jerseytest.infrastructure.dao.models.ToDoEntity client...
ERROR [2018-11-08 12:16:04,930] [requestId=NA] onseo.jerseytest.services.SummaryService: javax.ws.rs.ProcessingException: Error reading entity from input stream.
INFO  [2018-11-08 12:16:04,930] [requestId=NA] onseo.jerseytest.services.SummaryService: Async callback starts processing request from onseo.jerseytest.infrastructure.dao.models.CommentEntity client...
INFO  [2018-11-08 12:16:04,930] [requestId=NA] onseo.jerseytest.infrastructure.dao.PlaceholderClient: Client class has been called for entity onseo.jerseytest.infrastructure.dao.models.CommentEntity
ERROR [2018-11-08 12:16:04,964] [requestId=NA] onseo.jerseytest.services.SummaryService: javax.ws.rs.ProcessingException: Error reading entity from input stream.
INFO  [2018-11-08 12:16:04,964] [requestId=NA] onseo.jerseytest.services.SummaryService: Async callback starts processing request from onseo.jerseytest.infrastructure.dao.models.UserEntity client...
INFO  [2018-11-08 12:16:04,964] [requestId=NA] onseo.jerseytest.infrastructure.dao.PlaceholderClient: Client class has been called for entity onseo.jerseytest.infrastructure.dao.models.UserEntity
INFO  [2018-11-08 12:16:05,026] [requestId=NA] onseo.jerseytest.infrastructure.dao.PlaceholderClient: Response from JSON_Placeholder handled successfully
INFO  [2018-11-08 12:16:49,347] [requestId=NA] org.springframework.boot.web.servlet.context.AnnotationConfigServletWebServerApplicationContext: Closing org.springframework.boot.web.servlet.context.AnnotationConfigServletWebServerApplicationContext@1f59a598: startup date [Thu Nov 08 14:14:40 EET 2018]; root of context hierarchy
INFO  [2018-11-08 12:16:49,349] [requestId=NA] org.springframework.jmx.export.annotation.AnnotationMBeanExporter: Unregistering JMX-exposed beans on shutdown
INFO  [2018-11-08 12:28:52,891] [requestId=NA] onseo.jerseytest.App: Starting App on gs20013-macpro.on.seo with PID 1017 (/Users/vsokolovskyi/git_repos/onseo.test.cache/onseo.test/target/classes started by vsokolovskyi in /Users/vsokolovskyi/git_repos/onseo.test.cache/onseo.test)
INFO  [2018-11-08 12:28:52,894] [requestId=NA] onseo.jerseytest.App: No active profile set, falling back to default profiles: default
INFO  [2018-11-08 12:28:52,942] [requestId=NA] org.springframework.boot.web.servlet.context.AnnotationConfigServletWebServerApplicationContext: Refreshing org.springframework.boot.web.servlet.context.AnnotationConfigServletWebServerApplicationContext@1e178745: startup date [Thu Nov 08 14:28:52 EET 2018]; root of context hierarchy
INFO  [2018-11-08 12:28:53,596] [requestId=NA] org.springframework.beans.factory.annotation.AutowiredAnnotationBeanPostProcessor: JSR-330 'javax.inject.Inject' annotation found and supported for autowiring
INFO  [2018-11-08 12:28:53,914] [requestId=NA] org.springframework.boot.web.embedded.tomcat.TomcatWebServer: Tomcat initialized with port(s): 9009 (http)
INFO  [2018-11-08 12:28:53,935] [requestId=NA] org.apache.catalina.core.StandardService: Starting service [Tomcat]
INFO  [2018-11-08 12:28:53,935] [requestId=NA] org.apache.catalina.core.StandardEngine: Starting Servlet Engine: Apache Tomcat/8.5.34
INFO  [2018-11-08 12:28:53,940] [requestId=NA] org.apache.catalina.core.AprLifecycleListener: The APR based Apache Tomcat Native library which allows optimal performance in production environments was not found on the java.library.path: [/Users/vsokolovskyi/Library/Java/Extensions:/Library/Java/Extensions:/Network/Library/Java/Extensions:/System/Library/Java/Extensions:/usr/lib/java:.]
INFO  [2018-11-08 12:28:54,035] [requestId=NA] org.apache.catalina.core.ContainerBase.[Tomcat].[localhost].[/]: Initializing Spring embedded WebApplicationContext
INFO  [2018-11-08 12:28:54,035] [requestId=NA] org.springframework.web.context.ContextLoader: Root WebApplicationContext: initialization completed in 1093 ms
INFO  [2018-11-08 12:28:54,294] [requestId=NA] org.springframework.boot.web.servlet.FilterRegistrationBean: Mapping filter: 'characterEncodingFilter' to: [/*]
INFO  [2018-11-08 12:28:54,294] [requestId=NA] org.springframework.boot.web.servlet.FilterRegistrationBean: Mapping filter: 'requestContextFilter' to: [/*]
INFO  [2018-11-08 12:28:54,295] [requestId=NA] org.springframework.boot.web.servlet.ServletRegistrationBean: Servlet onseo.jerseytest.config.ResourceConfig mapped to [/*]
INFO  [2018-11-08 12:28:54,474] [requestId=NA] org.springframework.jmx.export.annotation.AnnotationMBeanExporter: Registering beans for JMX exposure on startup
INFO  [2018-11-08 12:28:54,527] [requestId=NA] org.springframework.boot.web.embedded.tomcat.TomcatWebServer: Tomcat started on port(s): 9009 (http) with context path ''
INFO  [2018-11-08 12:28:54,532] [requestId=NA] onseo.jerseytest.App: Started App in 2.088 seconds (JVM running for 3.06)
INFO  [2018-11-08 12:28:57,518] [requestId=NA] org.springframework.boot.web.servlet.context.AnnotationConfigServletWebServerApplicationContext: Closing org.springframework.boot.web.servlet.context.AnnotationConfigServletWebServerApplicationContext@1e178745: startup date [Thu Nov 08 14:28:52 EET 2018]; root of context hierarchy
INFO  [2018-11-08 12:28:57,521] [requestId=NA] org.springframework.jmx.export.annotation.AnnotationMBeanExporter: Unregistering JMX-exposed beans on shutdown
